{
  "stats": {
    "suites": 1,
    "tests": 2,
    "passes": 2,
    "pending": 0,
    "failures": 0,
    "testsRegistered": 2,
    "passPercent": 100,
    "pendingPercent": 0,
    "other": 0,
    "hasOther": false,
    "skipped": 0,
    "hasSkipped": false,
    "start": "2023-10-09T13:21:09.513Z",
    "end": "2023-10-09T13:21:14.331Z",
    "duration": 4818
  },
  "results": [
    {
      "uuid": "317139b7-dea1-4a46-8c88-1da8cc8754a2",
      "title": "",
      "fullFile": "cypress\\e2e\\apiTests.spec.js",
      "file": "cypress\\e2e\\apiTests.spec.js",
      "beforeHooks": [],
      "afterHooks": [],
      "tests": [],
      "suites": [
        {
          "uuid": "e16de3e3-78bb-4a9a-ab2a-c7eda996ceb8",
          "title": "API tests",
          "fullFile": "",
          "file": "",
          "beforeHooks": [],
          "afterHooks": [],
          "tests": [
            {
              "title": "Check that user is on overview page",
              "fullTitle": "API tests Check that user is on overview page",
              "timedOut": null,
              "duration": 1651,
              "state": "passed",
              "speed": "fast",
              "pass": true,
              "fail": false,
              "pending": false,
              "context": null,
              "code": "cy.url().should(\"include\", \"/overview\");\ncy.get(\".row\").should(\"exist\");",
              "err": {},
              "uuid": "9384f603-aba6-4d79-bf46-42dd77e54be0",
              "parentUUID": "e16de3e3-78bb-4a9a-ab2a-c7eda996ceb8",
              "isHook": false,
              "skipped": false
            },
            {
              "title": "Check that number of categories received from API is equal number on the page",
              "fullTitle": "API tests Check that number of categories received from API is equal number on the page",
              "timedOut": null,
              "duration": 1151,
              "state": "passed",
              "speed": "fast",
              "pass": true,
              "fail": false,
              "pending": false,
              "context": null,
              "code": "cy.visit(\"http://5.189.186.217/categories\");\ncy.get(\".collection > .collection-item\").its(\"length\").should(\"equal\", categoriesByAPI.length);",
              "err": {},
              "uuid": "c3474b0d-984a-4ffa-aa0a-262d17373858",
              "parentUUID": "e16de3e3-78bb-4a9a-ab2a-c7eda996ceb8",
              "isHook": false,
              "skipped": false
            }
          ],
          "suites": [],
          "passes": [
            "9384f603-aba6-4d79-bf46-42dd77e54be0",
            "c3474b0d-984a-4ffa-aa0a-262d17373858"
          ],
          "failures": [],
          "pending": [],
          "skipped": [],
          "duration": 2802,
          "root": false,
          "rootEmpty": false,
          "_timeout": 2000
        }
      ],
      "passes": [],
      "failures": [],
      "pending": [],
      "skipped": [],
      "duration": 0,
      "root": true,
      "rootEmpty": true,
      "_timeout": 2000
    }
  ],
  "meta": {
    "mocha": {
      "version": "7.0.1"
    },
    "mochawesome": {
      "options": {
        "quiet": false,
        "reportFilename": "mochawesome",
        "saveHtml": false,
        "saveJson": true,
        "consoleReporter": "spec",
        "useInlineDiffs": false,
        "code": true
      },
      "version": "7.1.3"
    },
    "marge": {
      "options": {
        "reportDir": "cypress/results",
        "overwrite": false,
        "html": false,
        "json": true
      },
      "version": "6.2.0"
    }
  }
}